19.09.2017 19:48:46: local premium valid, unlocking
19.09.2017 19:48:46: premium unlocked
19.09.2017 19:48:46: ->prepare_app_after_start finished task!
19.09.2017 19:48:46: checking premium with server
19.09.2017 19:48:46: premium unlocked
19.09.2017 19:48:46: IP SET
21.09.2017 16:26:37: local premium valid, unlocking
21.09.2017 16:26:37: premium unlocked
21.09.2017 16:26:37: ->prepare_app_after_start finished task!
21.09.2017 16:26:37: checking premium with server
21.09.2017 16:26:38: premium unlocked
21.09.2017 16:26:47: local premium valid, unlocking
21.09.2017 16:26:47: premium unlocked
21.09.2017 16:26:48: ->prepare_app_after_start finished task!
21.09.2017 16:26:48: checking premium with server
21.09.2017 16:26:48: premium unlocked
21.09.2017 16:26:57: local premium valid, unlocking
21.09.2017 16:26:57: premium unlocked
21.09.2017 16:26:57: ->prepare_app_after_start finished task!
21.09.2017 16:26:57: checking premium with server
21.09.2017 16:26:57: IP SET
21.09.2017 16:26:57: premium unlocked
21.09.2017 16:27:29: local premium valid, unlocking
21.09.2017 16:27:29: premium unlocked
21.09.2017 16:27:29: ->prepare_app_after_start finished task!
21.09.2017 16:27:29: checking premium with server
21.09.2017 16:27:29: premium unlocked
21.09.2017 16:27:39: local premium valid, unlocking
21.09.2017 16:27:39: premium unlocked
21.09.2017 16:27:39: ->prepare_app_after_start finished task!
21.09.2017 16:27:39: checking premium with server
21.09.2017 16:27:40: premium unlocked
22.09.2017 18:29:04: local premium valid, unlocking
22.09.2017 18:29:04: premium unlocked
22.09.2017 18:29:04: ->prepare_app_after_start finished task!
22.09.2017 18:29:04: checking premium with server
22.09.2017 18:29:04: premium unlocked
22.09.2017 18:47:00: local premium valid, unlocking
22.09.2017 18:47:00: premium unlocked
22.09.2017 18:47:00: ->prepare_app_after_start finished task!
22.09.2017 18:47:00: checking premium with server
22.09.2017 18:47:00: IP SET
22.09.2017 18:47:00: premium unlocked
22.09.2017 18:48:37: local premium valid, unlocking
22.09.2017 18:48:37: premium unlocked
22.09.2017 18:48:37: ->prepare_app_after_start finished task!
22.09.2017 18:48:37: checking premium with server
22.09.2017 18:48:37: premium unlocked
22.09.2017 18:54:50: local premium valid, unlocking
22.09.2017 18:54:50: premium unlocked
22.09.2017 18:54:50: ->prepare_app_after_start finished task!
22.09.2017 18:54:50: checking premium with server
22.09.2017 18:54:50: IP SET
22.09.2017 18:54:50: premium unlocked
22.09.2017 18:55:17: ---saving config---
22.09.2017 18:55:17: ---ERR: File access error---
22.09.2017 18:55:18: ---saving config---
22.09.2017 18:55:18: ---ERR: File access error---
22.09.2017 18:58:40: local premium valid, unlocking
22.09.2017 18:58:40: premium unlocked
22.09.2017 18:58:40: ->prepare_app_after_start finished task!
22.09.2017 18:58:40: checking premium with server
22.09.2017 18:58:41: IP SET
22.09.2017 19:02:29: local premium valid, unlocking
22.09.2017 19:02:29: premium unlocked
22.09.2017 19:02:29: ->prepare_app_after_start finished task!
22.09.2017 19:02:29: checking premium with server
22.09.2017 19:02:29: premium unlocked
22.09.2017 19:02:29: IP SET
22.09.2017 19:02:38: ---server start---
22.09.2017 19:02:41: ---DONE!---
22.09.2017 19:02:48: ---server start---
22.09.2017 19:02:48: d:\program files (x86)\steam\steamapps\common\7 Days To Die\7DaysToDie.exe-quit -batchmode -nographics -configfile=serverconfig.xml -dedicated
22.09.2017 19:02:48: ---locking ctrl---
22.09.2017 19:02:48: ---DONE!---
22.09.2017 19:03:26: ---starting telnet_connection---
22.09.2017 19:03:27: ---starting spamer---
22.09.2017 19:03:41: ---killing 7daystodie.exe---
22.09.2017 19:11:36: local premium valid, unlocking
22.09.2017 19:11:36: premium unlocked
22.09.2017 19:11:36: ->prepare_app_after_start finished task!
22.09.2017 19:11:36: checking premium with server
22.09.2017 19:11:36: IP SET
22.09.2017 19:16:07: local premium valid, unlocking
22.09.2017 19:16:07: premium unlocked
22.09.2017 19:16:07: ->prepare_app_after_start finished task!
22.09.2017 19:16:08: checking premium with server
22.09.2017 19:16:08: IP SET
22.09.2017 19:16:08: premium unlocked
22.09.2017 19:21:11: local premium valid, unlocking
22.09.2017 19:21:11: premium unlocked
22.09.2017 19:21:11: ->prepare_app_after_start finished task!
22.09.2017 19:21:11: checking premium with server
22.09.2017 19:21:11: premium unlocked
22.09.2017 19:21:11: IP SET
22.09.2017 19:26:06: local premium valid, unlocking
22.09.2017 19:26:06: premium unlocked
22.09.2017 19:26:06: ->prepare_app_after_start finished task!
22.09.2017 19:26:06: checking premium with server
22.09.2017 19:26:06: IP SET
22.09.2017 19:26:06: premium unlocked
22.09.2017 19:26:31: local premium valid, unlocking
22.09.2017 19:26:31: premium unlocked
22.09.2017 19:26:31: ->prepare_app_after_start finished task!
22.09.2017 19:26:31: checking premium with server
22.09.2017 19:26:31: premium unlocked
22.09.2017 19:27:53: local premium valid, unlocking
22.09.2017 19:27:53: premium unlocked
22.09.2017 19:27:53: ->prepare_app_after_start finished task!
22.09.2017 19:27:53: checking premium with server
22.09.2017 19:27:53: IP SET
22.09.2017 19:27:53: premium unlocked
22.09.2017 19:28:11: local premium valid, unlocking
22.09.2017 19:28:11: premium unlocked
22.09.2017 19:28:11: ->prepare_app_after_start finished task!
22.09.2017 19:28:12: checking premium with server
22.09.2017 19:28:12: premium unlocked
22.09.2017 19:28:51: ---server start---
22.09.2017 19:28:51: d:\program files (x86)\steam\steamapps\common\7 Days To Die\7DaysToDie.exe-quit -batchmode -nographics -configfile=serverconfig.xml -dedicated
22.09.2017 19:28:51: ---locking ctrl---
22.09.2017 19:28:51: ---DONE!---
22.09.2017 19:29:29: ---starting telnet_connection---
22.09.2017 19:29:31: ---starting spamer---
22.09.2017 19:29:48: REFRESH: True
22.09.2017 19:30:06: REFRESH: True
22.09.2017 19:31:16: local premium valid, unlocking
22.09.2017 19:31:16: premium unlocked
22.09.2017 19:31:16: ->prepare_app_after_start finished task!
22.09.2017 19:31:16: checking premium with server
22.09.2017 19:31:17: premium unlocked
22.09.2017 19:32:55: local premium valid, unlocking
22.09.2017 19:32:55: premium unlocked
22.09.2017 19:32:55: ->prepare_app_after_start finished task!
22.09.2017 19:32:55: checking premium with server
22.09.2017 19:32:55: IP SET
22.09.2017 19:32:55: premium unlocked
22.09.2017 19:34:07: local premium valid, unlocking
22.09.2017 19:34:07: premium unlocked
22.09.2017 19:34:07: ->prepare_app_after_start finished task!
22.09.2017 19:34:07: checking premium with server
22.09.2017 19:34:07: premium unlocked
22.09.2017 19:36:28: local premium valid, unlocking
22.09.2017 19:36:28: premium unlocked
22.09.2017 19:36:28: ->prepare_app_after_start finished task!
22.09.2017 19:36:28: checking premium with server
22.09.2017 19:36:28: IP SET
22.09.2017 19:36:28: premium unlocked
22.09.2017 19:37:09: local premium valid, unlocking
22.09.2017 19:37:09: premium unlocked
22.09.2017 19:37:09: ->prepare_app_after_start finished task!
22.09.2017 19:37:09: checking premium with server
22.09.2017 19:37:10: IP SET
22.09.2017 19:37:10: premium unlocked
22.09.2017 19:43:44: local premium valid, unlocking
22.09.2017 19:43:44: premium unlocked
22.09.2017 19:43:44: ->prepare_app_after_start finished task!
22.09.2017 19:43:44: checking premium with server
22.09.2017 19:43:44: IP SET
22.09.2017 19:43:44: premium unlocked
22.09.2017 19:45:10: local premium valid, unlocking
22.09.2017 19:45:10: premium unlocked
22.09.2017 19:45:10: ->prepare_app_after_start finished task!
22.09.2017 19:45:10: checking premium with server
22.09.2017 19:45:10: premium unlocked
22.09.2017 19:45:44: local premium valid, unlocking
22.09.2017 19:45:44: premium unlocked
22.09.2017 19:45:44: ->prepare_app_after_start finished task!
22.09.2017 19:45:44: checking premium with server
22.09.2017 19:45:44: IP SET
22.09.2017 19:45:44: premium unlocked
22.09.2017 19:46:16: local premium valid, unlocking
22.09.2017 19:46:16: premium unlocked
22.09.2017 19:46:16: ->prepare_app_after_start finished task!
22.09.2017 19:46:16: checking premium with server
22.09.2017 19:46:16: IP SET
22.09.2017 19:46:17: premium unlocked
22.09.2017 22:55:24: local premium valid, unlocking
22.09.2017 22:55:24: premium unlocked
22.09.2017 22:55:24: ->prepare_app_after_start finished task!
22.09.2017 22:55:24: checking premium with server
22.09.2017 22:55:24: IP SET
22.09.2017 22:55:24: premium unlocked
22.09.2017 23:05:38: local premium valid, unlocking
22.09.2017 23:05:38: premium unlocked
22.09.2017 23:05:38: ->prepare_app_after_start finished task!
22.09.2017 23:05:38: checking premium with server
22.09.2017 23:05:38: premium unlocked
22.09.2017 23:05:38: IP SET
22.09.2017 23:09:02: local premium valid, unlocking
22.09.2017 23:09:02: premium unlocked
22.09.2017 23:09:02: ->prepare_app_after_start finished task!
22.09.2017 23:09:02: checking premium with server
22.09.2017 23:09:02: IP SET
22.09.2017 23:09:54: local premium valid, unlocking
22.09.2017 23:09:54: premium unlocked
22.09.2017 23:09:54: ->prepare_app_after_start finished task!
22.09.2017 23:09:54: checking premium with server
22.09.2017 23:09:54: IP SET
22.09.2017 23:09:54: premium unlocked
22.09.2017 23:10:10: local premium valid, unlocking
22.09.2017 23:10:10: premium unlocked
22.09.2017 23:10:10: ->prepare_app_after_start finished task!
22.09.2017 23:10:10: checking premium with server
22.09.2017 23:10:10: premium unlocked
22.09.2017 23:11:54: local premium valid, unlocking
22.09.2017 23:11:54: premium unlocked
22.09.2017 23:11:54: ->prepare_app_after_start finished task!
22.09.2017 23:11:54: checking premium with server
22.09.2017 23:11:54: IP SET
22.09.2017 23:11:54: premium unlocked
22.09.2017 23:13:11: local premium valid, unlocking
22.09.2017 23:13:11: premium unlocked
22.09.2017 23:13:11: ->prepare_app_after_start finished task!
22.09.2017 23:13:11: checking premium with server
22.09.2017 23:13:11: premium unlocked
22.09.2017 23:15:32: local premium valid, unlocking
22.09.2017 23:15:32: premium unlocked
22.09.2017 23:15:32: ->prepare_app_after_start finished task!
22.09.2017 23:15:32: checking premium with server
22.09.2017 23:15:32: IP SET
22.09.2017 23:19:23: local premium valid, unlocking
22.09.2017 23:19:23: premium unlocked
22.09.2017 23:19:23: ->prepare_app_after_start finished task!
22.09.2017 23:19:23: checking premium with server
22.09.2017 23:19:23: premium unlocked
22.09.2017 23:21:16: local premium valid, unlocking
22.09.2017 23:21:16: premium unlocked
22.09.2017 23:21:16: ->prepare_app_after_start finished task!
22.09.2017 23:21:16: checking premium with server
22.09.2017 23:21:16: premium unlocked
22.09.2017 23:23:09: local premium valid, unlocking
22.09.2017 23:23:09: premium unlocked
22.09.2017 23:23:09: ->prepare_app_after_start finished task!
22.09.2017 23:23:09: checking premium with server
22.09.2017 23:23:09: IP SET
22.09.2017 23:23:09: premium unlocked
22.09.2017 23:23:53: local premium valid, unlocking
22.09.2017 23:23:53: premium unlocked
22.09.2017 23:23:53: ->prepare_app_after_start finished task!
22.09.2017 23:23:53: checking premium with server
22.09.2017 23:23:53: IP SET
22.09.2017 23:23:54: premium unlocked
22.09.2017 23:27:27: local premium valid, unlocking
22.09.2017 23:27:27: premium unlocked
22.09.2017 23:27:27: ->prepare_app_after_start finished task!
22.09.2017 23:27:27: checking premium with server
22.09.2017 23:27:27: IP SET
22.09.2017 23:27:27: premium unlocked
22.09.2017 23:29:22: local premium valid, unlocking
22.09.2017 23:29:22: premium unlocked
22.09.2017 23:29:22: ->prepare_app_after_start finished task!
22.09.2017 23:29:22: checking premium with server
22.09.2017 23:29:22: IP SET
22.09.2017 23:30:41: local premium valid, unlocking
22.09.2017 23:30:41: premium unlocked
22.09.2017 23:30:41: ->prepare_app_after_start finished task!
22.09.2017 23:30:41: checking premium with server
22.09.2017 23:30:41: IP SET
22.09.2017 23:30:41: premium unlocked
22.09.2017 23:31:56: local premium valid, unlocking
22.09.2017 23:31:56: premium unlocked
22.09.2017 23:31:56: ->prepare_app_after_start finished task!
22.09.2017 23:31:56: checking premium with server
22.09.2017 23:31:56: IP SET
22.09.2017 23:31:56: premium unlocked
22.09.2017 23:35:40: local premium valid, unlocking
22.09.2017 23:35:40: premium unlocked
22.09.2017 23:35:40: ->prepare_app_after_start finished task!
22.09.2017 23:35:40: checking premium with server
22.09.2017 23:35:40: IP SET
22.09.2017 23:35:40: premium unlocked
23.09.2017 00:21:09: local premium valid, unlocking
23.09.2017 00:21:09: premium unlocked
23.09.2017 00:21:09: ->prepare_app_after_start finished task!
23.09.2017 00:21:09: checking premium with server
23.09.2017 00:21:09: premium unlocked
23.09.2017 00:21:09: IP SET
23.09.2017 00:21:51: local premium valid, unlocking
23.09.2017 00:21:51: premium unlocked
23.09.2017 00:21:51: ->prepare_app_after_start finished task!
23.09.2017 00:21:51: checking premium with server
23.09.2017 00:21:51: IP SET
27.09.2017 21:10:25: local premium valid, unlocking
27.09.2017 21:10:25: premium unlocked
27.09.2017 21:10:25: ->prepare_app_after_start finished task!
27.09.2017 21:10:25: checking premium with server
27.09.2017 21:10:26: IP SET
28.09.2017 21:50:57: local premium valid, unlocking
28.09.2017 21:50:57: premium unlocked
28.09.2017 21:50:57: ->prepare_app_after_start finished task!
28.09.2017 21:50:57: checking premium with server
28.09.2017 21:50:57: premium unlocked
28.09.2017 21:56:14: local premium valid, unlocking
28.09.2017 21:56:14: premium unlocked
28.09.2017 21:56:14: ->prepare_app_after_start finished task!
28.09.2017 21:56:14: checking premium with server
28.09.2017 21:56:14: IP SET
28.09.2017 21:56:14: premium unlocked
28.09.2017 21:58:29: local premium valid, unlocking
28.09.2017 21:58:29: premium unlocked
28.09.2017 21:58:29: ->prepare_app_after_start finished task!
28.09.2017 21:58:29: checking premium with server
28.09.2017 21:58:29: IP SET
28.09.2017 21:58:29: premium unlocked
28.09.2017 21:59:46: local premium valid, unlocking
28.09.2017 21:59:46: premium unlocked
28.09.2017 21:59:46: ->prepare_app_after_start finished task!
28.09.2017 21:59:46: checking premium with server
28.09.2017 21:59:46: IP SET
28.09.2017 21:59:46: premium unlocked
28.09.2017 22:00:09: local premium valid, unlocking
28.09.2017 22:00:09: premium unlocked
28.09.2017 22:00:09: ->prepare_app_after_start finished task!
28.09.2017 22:00:09: checking premium with server
28.09.2017 22:00:09: premium unlocked
28.09.2017 22:01:19: local premium valid, unlocking
28.09.2017 22:01:19: premium unlocked
28.09.2017 22:01:19: ->prepare_app_after_start finished task!
28.09.2017 22:01:19: checking premium with server
28.09.2017 22:01:19: premium unlocked
28.09.2017 22:05:21: local premium valid, unlocking
28.09.2017 22:05:21: premium unlocked
28.09.2017 22:05:21: ->prepare_app_after_start finished task!
28.09.2017 22:05:21: checking premium with server
28.09.2017 22:05:21: premium unlocked
28.09.2017 22:06:56: local premium valid, unlocking
28.09.2017 22:06:56: premium unlocked
28.09.2017 22:06:56: ->prepare_app_after_start finished task!
28.09.2017 22:06:56: checking premium with server
28.09.2017 22:06:56: IP SET
28.09.2017 22:06:56: premium unlocked
28.09.2017 22:07:18: local premium valid, unlocking
28.09.2017 22:07:18: premium unlocked
28.09.2017 22:07:18: ->prepare_app_after_start finished task!
28.09.2017 22:07:18: checking premium with server
28.09.2017 22:07:18: IP SET
28.09.2017 22:07:18: premium unlocked
28.09.2017 22:08:36: local premium valid, unlocking
28.09.2017 22:08:36: premium unlocked
28.09.2017 22:08:36: ->prepare_app_after_start finished task!
28.09.2017 22:08:36: checking premium with server
28.09.2017 22:08:36: IP SET
28.09.2017 22:08:36: premium unlocked
28.09.2017 22:11:15: local premium valid, unlocking
28.09.2017 22:11:15: premium unlocked
28.09.2017 22:11:15: ->prepare_app_after_start finished task!
28.09.2017 22:11:15: checking premium with server
28.09.2017 22:11:15: IP SET
28.09.2017 22:11:15: premium unlocked
28.09.2017 22:11:55: local premium valid, unlocking
28.09.2017 22:11:55: premium unlocked
28.09.2017 22:11:55: ->prepare_app_after_start finished task!
28.09.2017 22:11:55: checking premium with server
28.09.2017 22:11:55: IP SET
28.09.2017 22:11:55: premium unlocked
28.09.2017 22:12:35: local premium valid, unlocking
28.09.2017 22:12:35: premium unlocked
28.09.2017 22:12:35: ->prepare_app_after_start finished task!
28.09.2017 22:12:35: checking premium with server
28.09.2017 22:12:35: IP SET
28.09.2017 22:12:35: premium unlocked
28.09.2017 22:13:18: local premium valid, unlocking
28.09.2017 22:13:18: premium unlocked
28.09.2017 22:13:18: ->prepare_app_after_start finished task!
28.09.2017 22:13:18: checking premium with server
28.09.2017 22:13:19: premium unlocked
28.09.2017 22:14:59: local premium valid, unlocking
28.09.2017 22:14:59: premium unlocked
28.09.2017 22:14:59: ->prepare_app_after_start finished task!
28.09.2017 22:14:59: checking premium with server
28.09.2017 22:14:59: IP SET
28.09.2017 22:19:46: local premium valid, unlocking
28.09.2017 22:19:46: premium unlocked
28.09.2017 22:19:46: ->prepare_app_after_start finished task!
28.09.2017 22:19:46: checking premium with server
28.09.2017 22:19:46: IP SET
28.09.2017 22:19:46: premium unlocked
28.09.2017 22:27:58: local premium valid, unlocking
28.09.2017 22:27:58: premium unlocked
28.09.2017 22:27:58: ->prepare_app_after_start finished task!
28.09.2017 22:27:58: checking premium with server
28.09.2017 22:27:58: IP SET
28.09.2017 22:27:59: premium unlocked
28.09.2017 22:29:15: local premium valid, unlocking
28.09.2017 22:29:15: premium unlocked
28.09.2017 22:29:15: ->prepare_app_after_start finished task!
28.09.2017 22:29:15: checking premium with server
28.09.2017 22:29:15: IP SET
28.09.2017 22:30:47: local premium valid, unlocking
28.09.2017 22:30:47: premium unlocked
28.09.2017 22:30:47: ->prepare_app_after_start finished task!
28.09.2017 22:30:47: checking premium with server
28.09.2017 22:30:47: IP SET
28.09.2017 22:30:47: premium unlocked
28.09.2017 22:44:48: local premium valid, unlocking
28.09.2017 22:44:48: premium unlocked
28.09.2017 22:44:48: ->prepare_app_after_start finished task!
28.09.2017 22:44:48: checking premium with server
28.09.2017 22:44:48: premium unlocked
28.09.2017 22:48:10: local premium valid, unlocking
28.09.2017 22:48:10: premium unlocked
28.09.2017 22:48:10: ->prepare_app_after_start finished task!
28.09.2017 22:48:10: checking premium with server
28.09.2017 22:48:10: IP SET
28.09.2017 22:48:10: premium unlocked
28.09.2017 22:49:13: local premium valid, unlocking
28.09.2017 22:49:13: premium unlocked
28.09.2017 22:49:13: ->prepare_app_after_start finished task!
28.09.2017 22:49:13: checking premium with server
28.09.2017 22:49:14: IP SET
28.09.2017 22:49:14: premium unlocked
28.09.2017 22:49:51: local premium valid, unlocking
28.09.2017 22:49:51: premium unlocked
28.09.2017 22:49:51: ->prepare_app_after_start finished task!
28.09.2017 22:49:51: checking premium with server
28.09.2017 22:49:51: premium unlocked
28.09.2017 22:50:42: local premium valid, unlocking
28.09.2017 22:50:42: premium unlocked
28.09.2017 22:50:42: ->prepare_app_after_start finished task!
28.09.2017 22:50:42: checking premium with server
28.09.2017 22:50:42: IP SET
28.09.2017 22:50:42: premium unlocked
28.09.2017 22:51:36: local premium valid, unlocking
28.09.2017 22:51:36: premium unlocked
28.09.2017 22:51:36: ->prepare_app_after_start finished task!
28.09.2017 22:51:36: checking premium with server
28.09.2017 22:51:36: premium unlocked
28.09.2017 22:53:00: local premium valid, unlocking
28.09.2017 22:53:00: premium unlocked
28.09.2017 22:53:00: ->prepare_app_after_start finished task!
28.09.2017 22:53:00: checking premium with server
28.09.2017 22:53:00: IP SET
28.09.2017 22:55:20: local premium valid, unlocking
28.09.2017 22:55:20: premium unlocked
28.09.2017 22:55:20: ->prepare_app_after_start finished task!
28.09.2017 22:55:20: checking premium with server
28.09.2017 22:55:20: premium unlocked
28.09.2017 22:56:05: local premium valid, unlocking
28.09.2017 22:56:05: premium unlocked
28.09.2017 22:56:05: ->prepare_app_after_start finished task!
28.09.2017 22:56:05: checking premium with server
28.09.2017 22:56:05: premium unlocked
28.09.2017 22:56:22: local premium valid, unlocking
28.09.2017 22:56:22: premium unlocked
28.09.2017 22:56:22: ->prepare_app_after_start finished task!
28.09.2017 22:56:22: checking premium with server
28.09.2017 22:56:22: IP SET
28.09.2017 22:56:22: premium unlocked
28.09.2017 22:58:09: local premium valid, unlocking
28.09.2017 22:58:09: premium unlocked
28.09.2017 22:58:09: ->prepare_app_after_start finished task!
28.09.2017 22:58:09: checking premium with server
28.09.2017 22:58:09: IP SET
28.09.2017 22:58:09: premium unlocked
28.09.2017 22:58:53: local premium valid, unlocking
28.09.2017 22:58:53: premium unlocked
28.09.2017 22:58:53: ->prepare_app_after_start finished task!
28.09.2017 22:58:54: checking premium with server
28.09.2017 22:58:54: IP SET
28.09.2017 22:58:54: premium unlocked
28.09.2017 22:59:24: local premium valid, unlocking
28.09.2017 22:59:24: premium unlocked
28.09.2017 22:59:24: ->prepare_app_after_start finished task!
28.09.2017 22:59:24: checking premium with server
28.09.2017 22:59:24: IP SET
28.09.2017 22:59:24: premium unlocked
28.09.2017 22:59:51: local premium valid, unlocking
28.09.2017 22:59:51: premium unlocked
28.09.2017 22:59:51: ->prepare_app_after_start finished task!
28.09.2017 22:59:51: checking premium with server
28.09.2017 22:59:52: IP SET
28.09.2017 22:59:52: premium unlocked
28.09.2017 23:00:17: local premium valid, unlocking
28.09.2017 23:00:17: premium unlocked
28.09.2017 23:00:17: ->prepare_app_after_start finished task!
28.09.2017 23:00:17: checking premium with server
28.09.2017 23:00:17: IP SET
28.09.2017 23:00:17: premium unlocked
28.09.2017 23:00:55: local premium valid, unlocking
28.09.2017 23:00:55: premium unlocked
28.09.2017 23:00:55: ->prepare_app_after_start finished task!
28.09.2017 23:00:55: checking premium with server
28.09.2017 23:00:55: IP SET
28.09.2017 23:01:53: local premium valid, unlocking
28.09.2017 23:01:53: premium unlocked
28.09.2017 23:01:53: ->prepare_app_after_start finished task!
28.09.2017 23:01:53: checking premium with server
28.09.2017 23:01:53: premium unlocked
28.09.2017 23:05:09: local premium valid, unlocking
28.09.2017 23:05:09: premium unlocked
28.09.2017 23:05:09: ->prepare_app_after_start finished task!
28.09.2017 23:05:09: checking premium with server
28.09.2017 23:05:09: IP SET
28.09.2017 23:07:03: local premium valid, unlocking
28.09.2017 23:07:03: premium unlocked
28.09.2017 23:07:03: ->prepare_app_after_start finished task!
28.09.2017 23:07:03: checking premium with server
28.09.2017 23:07:04: IP SET
28.09.2017 23:08:25: local premium valid, unlocking
28.09.2017 23:08:25: premium unlocked
28.09.2017 23:08:25: ->prepare_app_after_start finished task!
28.09.2017 23:08:25: checking premium with server
28.09.2017 23:08:25: IP SET
28.09.2017 23:08:25: premium unlocked
28.09.2017 23:08:56: local premium valid, unlocking
28.09.2017 23:08:56: premium unlocked
28.09.2017 23:08:56: ->prepare_app_after_start finished task!
28.09.2017 23:08:56: checking premium with server
28.09.2017 23:08:57: IP SET
28.09.2017 23:09:20: local premium valid, unlocking
28.09.2017 23:09:20: premium unlocked
28.09.2017 23:09:20: ->prepare_app_after_start finished task!
28.09.2017 23:09:20: checking premium with server
28.09.2017 23:09:20: IP SET
28.09.2017 23:09:20: premium unlocked
28.09.2017 23:11:59: local premium valid, unlocking
28.09.2017 23:11:59: premium unlocked
28.09.2017 23:11:59: ->prepare_app_after_start finished task!
28.09.2017 23:11:59: checking premium with server
28.09.2017 23:11:59: IP SET
28.09.2017 23:12:47: local premium valid, unlocking
28.09.2017 23:12:47: premium unlocked
28.09.2017 23:12:47: ->prepare_app_after_start finished task!
28.09.2017 23:12:47: checking premium with server
28.09.2017 23:12:47: IP SET
28.09.2017 23:12:47: premium unlocked
28.09.2017 23:12:49: ---server start---
28.09.2017 23:12:49: d:\program files (x86)\steam\steamapps\common\7 Days To Die\7DaysToDie.exe-quit -batchmode -nographics -configfile=serverconfig.xml -dedicated
28.09.2017 23:12:49: ---locking ctrl---
28.09.2017 23:12:49: ---DONE!---
28.09.2017 23:13:26: ---starting telnet_connection---
28.09.2017 23:13:27: ---starting spamer---
28.09.2017 23:14:18: local premium valid, unlocking
28.09.2017 23:14:18: premium unlocked
28.09.2017 23:14:18: ->prepare_app_after_start finished task!
28.09.2017 23:14:18: checking premium with server
28.09.2017 23:14:18: IP SET
28.09.2017 23:14:18: premium unlocked
28.09.2017 23:14:32: local premium valid, unlocking
28.09.2017 23:14:32: premium unlocked
28.09.2017 23:14:32: ->prepare_app_after_start finished task!
28.09.2017 23:14:32: checking premium with server
28.09.2017 23:14:32: IP SET
28.09.2017 23:14:32: premium unlocked
28.09.2017 23:20:20: local premium valid, unlocking
28.09.2017 23:20:20: premium unlocked
28.09.2017 23:20:20: ->prepare_app_after_start finished task!
28.09.2017 23:20:20: checking premium with server
28.09.2017 23:20:20: IP SET
28.09.2017 23:20:21: ---server start---
28.09.2017 23:20:21: d:\program files (x86)\steam\steamapps\common\7 Days To Die\7DaysToDie.exe-quit -batchmode -nographics -configfile=serverconfig.xml -dedicated
28.09.2017 23:20:21: ---locking ctrl---
28.09.2017 23:20:21: ---DONE!---
28.09.2017 23:20:59: ---starting telnet_connection---
28.09.2017 23:21:00: ---starting spamer---
28.09.2017 23:22:26: ---locking ctrl---
28.09.2017 23:22:26: FAILED to start telnet_connection worker!
28.09.2017 23:22:26: Error while starting auto_messages. (normal on telnet reboot)
28.09.2017 23:22:42: ---killing 7daystodie.exe---
28.09.2017 23:22:54: local premium valid, unlocking
28.09.2017 23:22:54: premium unlocked
28.09.2017 23:22:54: ->prepare_app_after_start finished task!
28.09.2017 23:22:54: checking premium with server
28.09.2017 23:22:54: IP SET
28.09.2017 23:22:57: ---saving config---
28.09.2017 23:23:02: ---server start---
28.09.2017 23:23:02: d:\program files (x86)\steam\steamapps\common\7 Days To Die\7DaysToDie.exe-quit -batchmode -nographics -configfile=serverconfig.xml -dedicated
28.09.2017 23:23:02: ---locking ctrl---
28.09.2017 23:23:02: ---DONE!---
28.09.2017 23:23:39: ---starting telnet_connection---
28.09.2017 23:23:41: ---starting spamer---
28.09.2017 23:31:24: local premium valid, unlocking
28.09.2017 23:31:24: premium unlocked
28.09.2017 23:31:24: ->prepare_app_after_start finished task!
28.09.2017 23:31:24: checking premium with server
28.09.2017 23:31:24: IP SET
28.09.2017 23:31:29: ---locking ctrl---
28.09.2017 23:31:29: ---starting spamer---
28.09.2017 23:31:35: ---killing 7daystodie.exe---
28.09.2017 23:37:22: local premium valid, unlocking
28.09.2017 23:37:22: premium unlocked
28.09.2017 23:37:22: ->prepare_app_after_start finished task!
28.09.2017 23:37:22: checking premium with server
28.09.2017 23:37:22: IP SET
28.09.2017 23:37:22: premium unlocked
28.09.2017 23:38:35: local premium valid, unlocking
28.09.2017 23:38:35: premium unlocked
28.09.2017 23:38:35: ->prepare_app_after_start finished task!
28.09.2017 23:38:35: checking premium with server
28.09.2017 23:38:35: IP SET
28.09.2017 23:38:35: premium unlocked
28.09.2017 23:39:30: local premium valid, unlocking
28.09.2017 23:39:30: premium unlocked
28.09.2017 23:39:30: ->prepare_app_after_start finished task!
28.09.2017 23:39:31: checking premium with server
28.09.2017 23:39:31: IP SET
28.09.2017 23:39:31: premium unlocked
28.09.2017 23:40:29: local premium valid, unlocking
28.09.2017 23:40:29: premium unlocked
28.09.2017 23:40:29: ->prepare_app_after_start finished task!
28.09.2017 23:40:29: checking premium with server
28.09.2017 23:40:29: IP SET
28.09.2017 23:40:29: premium unlocked
28.09.2017 23:40:49: local premium valid, unlocking
28.09.2017 23:40:49: premium unlocked
28.09.2017 23:40:49: ->prepare_app_after_start finished task!
28.09.2017 23:40:49: checking premium with server
28.09.2017 23:40:49: IP SET
28.09.2017 23:45:57: local premium valid, unlocking
28.09.2017 23:45:57: premium unlocked
28.09.2017 23:45:57: ->prepare_app_after_start finished task!
28.09.2017 23:45:57: checking premium with server
28.09.2017 23:45:57: IP SET
28.09.2017 23:47:28: local premium valid, unlocking
28.09.2017 23:47:28: premium unlocked
28.09.2017 23:47:28: ->prepare_app_after_start finished task!
28.09.2017 23:47:28: checking premium with server
28.09.2017 23:47:28: IP SET
28.09.2017 23:47:28: premium unlocked
28.09.2017 23:47:50: local premium valid, unlocking
28.09.2017 23:47:50: premium unlocked
28.09.2017 23:47:50: ->prepare_app_after_start finished task!
28.09.2017 23:47:50: checking premium with server
28.09.2017 23:47:50: IP SET
28.09.2017 23:47:50: premium unlocked
28.09.2017 23:56:39: local premium valid, unlocking
28.09.2017 23:56:39: premium unlocked
28.09.2017 23:56:39: ->prepare_app_after_start finished task!
28.09.2017 23:56:39: checking premium with server
28.09.2017 23:56:39: premium unlocked
29.09.2017 00:08:09: local premium valid, unlocking
29.09.2017 00:08:09: premium unlocked
29.09.2017 00:08:09: ->prepare_app_after_start finished task!
29.09.2017 00:08:09: checking premium with server
29.09.2017 00:08:09: premium unlocked
29.09.2017 00:08:15: ---server start---
29.09.2017 00:08:15: d:\program files (x86)\steam\steamapps\common\7 Days To Die\7DaysToDie.exe-quit -batchmode -nographics -configfile=serverconfig.xml -dedicated
29.09.2017 00:08:15: ---locking ctrl---
29.09.2017 00:08:15: ---DONE!---
29.09.2017 00:08:53: ---starting telnet_connection---
29.09.2017 00:08:54: ---starting spamer---
29.09.2017 00:09:36: REFRESH: True
29.09.2017 00:09:54: REFRESH: True
29.09.2017 00:10:12: REFRESH: True
29.09.2017 00:10:30: REFRESH: True
29.09.2017 00:10:48: REFRESH: True
29.09.2017 00:11:07: REFRESH: True
29.09.2017 00:11:25: REFRESH: True
29.09.2017 00:11:44: REFRESH: True
29.09.2017 00:11:53: LOGIN detected
29.09.2017 00:11:53: ADDED TO PL_LIST: pionner121, 76561198035573640
FULL: 2017-09-29T00:11:53 215.176 INF PlayerLogin: pionner121/Alpha 16.3
2017-09-29T00:11:53 215.176 INF Client IP: 127.0.0.1
2017-09-29T00:11:53 215.178 INF [Steamworks.NET] Auth.AuthenticateUser()
2017-09-29T00:11:53 215.199 INF [Steamworks.NET] Authenticating player: pionner121 SteamId: 76561198035573640 TicketLen: 1024 Result: k_EBeginAuthSessionResultOK

29.09.2017 00:12:02: REFRESH: True
29.09.2017 00:12:21: REFRESH: True
29.09.2017 00:12:39: REFRESH: True
29.09.2017 00:12:39: -> DISCONNECT: pionner121
29.09.2017 00:12:39: GTFO: pionner121
29.09.2017 00:12:54: LOGIN detected
29.09.2017 00:12:54: ADDED TO PL_LIST: pionner121, 76561198035573640
FULL: 2017-09-29T00:12:54 276.407 INF PlayerLogin: pionner121/Alpha 16.3
2017-09-29T00:12:54 276.408 INF Client IP: 127.0.0.1
2017-09-29T00:12:54 276.408 INF [Steamworks.NET] Auth.AuthenticateUser()
2017-09-29T00:12:54 276.408 INF [Steamworks.NET] Authenticating player: pionner121 SteamId: 76561198035573640 TicketLen: 1024 Result: k_EBeginAuthSessionResultOK

29.09.2017 00:12:58: REFRESH: True
29.09.2017 00:13:17: REFRESH: True
29.09.2017 00:13:35: REFRESH: True
29.09.2017 00:13:51: -> DISCONNECT: pionner121
29.09.2017 00:13:51: GTFO: pionner121
29.09.2017 00:13:51: -> DISCONNECT: -Player 'pionner121'-
29.09.2017 00:13:54: REFRESH: True
29.09.2017 00:14:12: REFRESH: True
29.09.2017 00:14:31: REFRESH: True
29.09.2017 00:14:49: REFRESH: True
29.09.2017 00:15:17: local premium valid, unlocking
29.09.2017 00:15:17: premium unlocked
29.09.2017 00:15:17: ->prepare_app_after_start finished task!
29.09.2017 00:15:17: checking premium with server
29.09.2017 00:15:18: IP SET
29.09.2017 00:15:18: premium unlocked
29.09.2017 00:15:43: checking premium with server
29.09.2017 00:15:43: premium locked
29.09.2017 00:16:15: checking premium with server
29.09.2017 00:16:15: premium unlocked
29.09.2017 00:16:15: premium unlocked
29.09.2017 00:20:25: local premium valid, unlocking
29.09.2017 00:20:25: premium unlocked
29.09.2017 00:20:25: ->prepare_app_after_start finished task!
29.09.2017 00:20:26: checking premium with server
29.09.2017 00:20:26: IP SET
29.09.2017 00:20:26: premium unlocked
29.09.2017 03:02:28: local premium valid, unlocking
29.09.2017 03:02:28: premium unlocked
29.09.2017 03:02:28: ->prepare_app_after_start finished task!
29.09.2017 03:02:28: checking premium with server
29.09.2017 03:02:29: premium unlocked
29.09.2017 03:03:42: local premium valid, unlocking
29.09.2017 03:03:42: premium unlocked
29.09.2017 03:03:42: ->prepare_app_after_start finished task!
29.09.2017 03:03:43: checking premium with server
29.09.2017 03:03:43: premium unlocked
29.09.2017 03:05:52: local premium valid, unlocking
29.09.2017 03:05:52: premium unlocked
29.09.2017 03:05:52: ->prepare_app_after_start finished task!
29.09.2017 03:05:52: checking premium with server
29.09.2017 03:05:52: IP SET
29.09.2017 03:05:52: premium unlocked
29.09.2017 03:07:15: local premium valid, unlocking
29.09.2017 03:07:15: premium unlocked
29.09.2017 03:07:15: ->prepare_app_after_start finished task!
29.09.2017 03:07:15: checking premium with server
29.09.2017 03:07:15: premium unlocked
29.09.2017 03:08:56: local premium valid, unlocking
29.09.2017 03:08:56: premium unlocked
29.09.2017 03:08:56: ->prepare_app_after_start finished task!
29.09.2017 03:08:56: checking premium with server
29.09.2017 03:08:56: IP SET
29.09.2017 03:08:56: premium unlocked
29.09.2017 03:11:34: local premium valid, unlocking
29.09.2017 03:11:34: premium unlocked
29.09.2017 03:11:34: ->prepare_app_after_start finished task!
29.09.2017 03:11:34: checking premium with server
29.09.2017 03:11:34: IP SET
29.09.2017 03:11:34: premium unlocked
29.09.2017 03:13:57: local premium valid, unlocking
29.09.2017 03:13:57: premium unlocked
29.09.2017 03:13:57: ->prepare_app_after_start finished task!
29.09.2017 03:13:57: checking premium with server
29.09.2017 03:13:57: IP SET
29.09.2017 03:13:57: premium unlocked
29.09.2017 03:13:58: ---server start---
29.09.2017 03:13:58: d:\program files (x86)\steam\steamapps\common\7 Days To Die\7DaysToDie.exe-quit -batchmode -nographics -configfile=serverconfig.xml -dedicated
29.09.2017 03:13:58: ---locking ctrl---
29.09.2017 03:13:58: ---DONE!---
29.09.2017 03:14:35: ---starting telnet_connection---
29.09.2017 03:14:36: ---starting spamer---
29.09.2017 03:15:19: REFRESH: True
29.09.2017 03:15:37: REFRESH: True
29.09.2017 03:15:55: REFRESH: True
29.09.2017 03:16:13: REFRESH: True
29.09.2017 03:16:31: REFRESH: True
29.09.2017 03:16:50: REFRESH: True
29.09.2017 03:17:08: REFRESH: False
29.09.2017 03:17:08: ---locking ctrl---
29.09.2017 03:17:19: REFRESH: True
29.09.2017 03:17:37: REFRESH: True
29.09.2017 03:17:56: REFRESH: True
29.09.2017 03:18:14: REFRESH: True
29.09.2017 03:18:32: REFRESH: True
29.09.2017 03:18:50: REFRESH: True
29.09.2017 03:19:08: REFRESH: True
29.09.2017 03:19:24: local premium valid, unlocking
29.09.2017 03:19:24: premium unlocked
29.09.2017 03:19:24: ->prepare_app_after_start finished task!
29.09.2017 03:19:24: checking premium with server
29.09.2017 03:19:24: IP SET
29.09.2017 03:19:24: premium unlocked
29.09.2017 03:19:39: ---killing 7daystodie.exe---
29.09.2017 03:21:19: local premium valid, unlocking
29.09.2017 03:21:19: premium unlocked
29.09.2017 03:21:19: ->prepare_app_after_start finished task!
29.09.2017 03:21:19: checking premium with server
29.09.2017 03:21:19: IP SET
29.09.2017 03:21:19: premium unlocked
29.09.2017 03:22:14: local premium valid, unlocking
29.09.2017 03:22:14: premium unlocked
29.09.2017 03:22:14: ->prepare_app_after_start finished task!
29.09.2017 03:22:14: checking premium with server
29.09.2017 03:22:14: IP SET
29.09.2017 03:22:14: premium unlocked
29.09.2017 03:22:40: local premium valid, unlocking
29.09.2017 03:22:40: premium unlocked
29.09.2017 03:22:40: ->prepare_app_after_start finished task!
29.09.2017 03:22:40: checking premium with server
29.09.2017 03:22:41: premium unlocked
29.09.2017 03:22:51: local premium valid, unlocking
29.09.2017 03:22:51: premium unlocked
29.09.2017 03:22:51: ->prepare_app_after_start finished task!
29.09.2017 03:22:51: checking premium with server
29.09.2017 03:22:51: IP SET
29.09.2017 03:22:51: premium unlocked
29.09.2017 03:23:53: local premium valid, unlocking
29.09.2017 03:23:53: premium unlocked
29.09.2017 03:23:53: ->prepare_app_after_start finished task!
29.09.2017 03:23:53: checking premium with server
29.09.2017 03:23:54: IP SET
29.09.2017 03:23:54: premium unlocked
29.09.2017 03:24:38: local premium valid, unlocking
29.09.2017 03:24:38: premium unlocked
29.09.2017 03:24:38: ->prepare_app_after_start finished task!
29.09.2017 03:24:38: checking premium with server
29.09.2017 03:24:38: IP SET
29.09.2017 03:24:38: premium unlocked
29.09.2017 03:25:32: local premium valid, unlocking
29.09.2017 03:25:32: premium unlocked
29.09.2017 03:25:32: ->prepare_app_after_start finished task!
29.09.2017 03:25:32: checking premium with server
29.09.2017 03:25:32: IP SET
29.09.2017 03:25:50: local premium valid, unlocking
29.09.2017 03:25:50: premium unlocked
29.09.2017 03:25:50: ->prepare_app_after_start finished task!
29.09.2017 03:25:50: checking premium with server
29.09.2017 03:25:50: IP SET
29.09.2017 03:25:50: premium unlocked
29.09.2017 03:26:42: local premium valid, unlocking
29.09.2017 03:26:42: premium unlocked
29.09.2017 03:26:42: ->prepare_app_after_start finished task!
29.09.2017 03:26:42: checking premium with server
29.09.2017 03:26:42: IP SET
29.09.2017 03:26:42: premium unlocked
29.09.2017 03:30:58: local premium valid, unlocking
29.09.2017 03:30:58: premium unlocked
29.09.2017 03:30:58: ->prepare_app_after_start finished task!
29.09.2017 03:30:58: checking premium with server
29.09.2017 03:30:58: IP SET
29.09.2017 03:30:58: premium unlocked
29.09.2017 03:50:25: local premium valid, unlocking
29.09.2017 03:50:25: premium unlocked
29.09.2017 03:50:25: ->prepare_app_after_start finished task!
29.09.2017 03:50:25: checking premium with server
29.09.2017 03:50:25: IP SET
29.09.2017 22:42:03: local premium valid, unlocking
29.09.2017 22:42:03: premium unlocked
29.09.2017 22:42:04: ->prepare_app_after_start finished task!
29.09.2017 22:42:04: checking premium with server
29.09.2017 22:42:04: premium unlocked
29.09.2017 22:44:46: local premium valid, unlocking
29.09.2017 22:44:46: premium unlocked
29.09.2017 22:44:46: ->prepare_app_after_start finished task!
29.09.2017 22:44:46: checking premium with server
29.09.2017 22:44:46: IP SET
29.09.2017 22:44:46: premium unlocked
29.09.2017 23:57:35: local premium valid, unlocking
29.09.2017 23:57:35: premium unlocked
29.09.2017 23:57:35: ->prepare_app_after_start finished task!
29.09.2017 23:57:35: checking premium with server
29.09.2017 23:57:35: premium unlocked
29.09.2017 23:57:47: ---killing 7daystodie.exe---
30.09.2017 00:15:37: local premium valid, unlocking
30.09.2017 00:15:37: premium unlocked
30.09.2017 00:15:37: ->prepare_app_after_start finished task!
30.09.2017 00:15:37: checking premium with server
30.09.2017 00:15:37: premium unlocked
30.09.2017 00:15:45: local premium valid, unlocking
30.09.2017 00:15:45: premium unlocked
30.09.2017 00:15:45: ->prepare_app_after_start finished task!
30.09.2017 00:15:45: checking premium with server
30.09.2017 00:15:46: IP SET
30.09.2017 00:16:47: local premium valid, unlocking
30.09.2017 00:16:47: premium unlocked
30.09.2017 00:16:47: ->prepare_app_after_start finished task!
30.09.2017 00:16:47: checking premium with server
30.09.2017 00:16:47: IP SET
30.09.2017 00:16:47: premium unlocked
30.09.2017 00:17:01: local premium valid, unlocking
30.09.2017 00:17:01: premium unlocked
30.09.2017 00:17:01: ->prepare_app_after_start finished task!
30.09.2017 00:17:02: checking premium with server
30.09.2017 00:17:02: IP SET
30.09.2017 00:17:19: local premium valid, unlocking
30.09.2017 00:17:19: premium unlocked
30.09.2017 00:17:19: ->prepare_app_after_start finished task!
30.09.2017 00:17:19: checking premium with server
30.09.2017 00:17:19: IP SET
30.09.2017 00:17:19: premium unlocked
30.09.2017 00:26:49: local premium valid, unlocking
30.09.2017 00:26:49: premium unlocked
30.09.2017 00:26:49: ->prepare_app_after_start finished task!
30.09.2017 00:26:49: checking premium with server
30.09.2017 00:26:49: IP SET
30.09.2017 00:26:49: premium unlocked
30.09.2017 00:26:50: ---server start---
30.09.2017 00:26:50: d:\program files (x86)\steam\steamapps\common\7 Days To Die\7DaysToDie.exe-quit -batchmode -nographics -configfile=serverconfig.xml -dedicated
30.09.2017 00:26:51: ---locking ctrl---
30.09.2017 00:26:51: ---DONE!---
30.09.2017 00:27:29: ---starting telnet_connection---
30.09.2017 00:27:30: ---starting spamer---
30.09.2017 00:28:12: REFRESH: True
30.09.2017 00:28:30: REFRESH: True
30.09.2017 00:28:48: REFRESH: True
30.09.2017 00:29:06: REFRESH: True
30.09.2017 00:29:25: REFRESH: True
30.09.2017 00:29:43: REFRESH: True
30.09.2017 00:30:01: REFRESH: True
30.09.2017 00:30:20: REFRESH: False
30.09.2017 00:30:21: ---locking ctrl---
30.09.2017 00:30:32: REFRESH: True
30.09.2017 00:30:50: REFRESH: True
30.09.2017 00:31:08: REFRESH: True
30.09.2017 00:31:27: REFRESH: True
30.09.2017 00:31:45: REFRESH: True
30.09.2017 00:31:57: LOGIN detected
30.09.2017 00:31:57: ADDED TO PL_LIST: pionner121, 76561198035573640
FULL: 2017-09-30T00:31:57 302.576 INF PlayerLogin: pionner121/Alpha 16.3
2017-09-30T00:31:57 302.577 INF Client IP: 127.0.0.1
2017-09-30T00:31:57 302.579 INF [Steamworks.NET] Auth.AuthenticateUser()
2017-09-30T00:31:57 302.641 INF [Steamworks.NET] Authenticating player: pionner121 SteamId: 76561198035573640 TicketLen: 1024 Result: k_EBeginAuthSessionResultOK

30.09.2017 00:32:01: ---changing dir---
30.09.2017 00:32:04: REFRESH: True
30.09.2017 00:32:22: REFRESH: True
30.09.2017 00:32:38: ->Checking if command: /whoami
30.09.2017 00:32:38: 38 344.210 INF Chat: 'pionner121':/whoami
30.09.2017 00:32:38: CC: 38 344.210 INF Chat: 'pionner121':/whoami
30.09.2017 00:32:38: Here I am.
30.09.2017 00:32:38: -> CC detected
30.09.2017 00:32:41: REFRESH: True
30.09.2017 00:32:54: ->Checking if command: /whoami
30.09.2017 00:32:54: 53 359.451 INF Chat: 'pionner121':/whoami
30.09.2017 00:32:54: CC: 53 359.451 INF Chat: 'pionner121':/whoami
30.09.2017 00:32:54: Here I am.
30.09.2017 00:32:54: -> CC detected
30.09.2017 00:32:59: REFRESH: True
30.09.2017 00:33:00: -> DISCONNECT: pionner121
30.09.2017 00:33:00: GTFO: pionner121
30.09.2017 00:33:00: -> DISCONNECT: -Player 'pionner121'-
30.09.2017 00:33:18: REFRESH: True
30.09.2017 00:33:36: REFRESH: True
30.09.2017 00:33:54: REFRESH: True
30.09.2017 00:34:12: REFRESH: True
30.09.2017 00:34:30: REFRESH: True
30.09.2017 00:34:49: REFRESH: True
30.09.2017 00:35:07: REFRESH: True
30.09.2017 00:35:25: REFRESH: True
30.09.2017 00:35:43: REFRESH: True
30.09.2017 00:36:01: REFRESH: True
30.09.2017 00:36:19: REFRESH: True
30.09.2017 00:36:38: REFRESH: True
30.09.2017 00:36:50: LOGIN detected
30.09.2017 00:36:50: ADDED TO PL_LIST: pionner121, 76561198035573640
FULL: 2017-09-30T00:36:50 596.195 INF PlayerLogin: pionner121/Alpha 16.3
2017-09-30T00:36:50 596.195 INF Client IP: 127.0.0.1
2017-09-30T00:36:50 596.195 INF [Steamworks.NET] Auth.AuthenticateUser()
2017-09-30T00:36:50 596.281 INF [Steamworks.NET] Authenticating player: pionner121 SteamId: 76561198035573640 TicketLen: 1024 Result: k_EBeginAuthSessionResultOK

30.09.2017 00:36:57: REFRESH: True
30.09.2017 00:37:15: REFRESH: True
30.09.2017 00:37:23: ->Checking if command: /whoami
30.09.2017 00:37:23: 22 628.405 INF Chat: 'pionner121':/whoami
30.09.2017 00:37:23: CC: 22 628.405 INF Chat: 'pionner121':/whoami
30.09.2017 00:37:23: Here I am.
30.09.2017 00:37:23: -> CC detected
30.09.2017 00:37:34: REFRESH: True
30.09.2017 00:37:52: REFRESH: True
30.09.2017 00:38:10: REFRESH: True
30.09.2017 00:38:17: ->Checking if command: /msg
30.09.2017 00:38:17: 17 682.797 INF Chat: 'pionner121':/msg
30.09.2017 00:38:17: CC: 17 682.797 INF Chat: 'pionner121':/msg
30.09.2017 00:38:17: Here I am.
30.09.2017 00:38:17: -> CC detected
30.09.2017 00:38:29: REFRESH: True
30.09.2017 00:38:47: REFRESH: True
30.09.2017 00:39:05: REFRESH: True
30.09.2017 00:39:24: REFRESH: True
30.09.2017 00:39:36: -> DISCONNECT: pionner121
30.09.2017 00:39:36: GTFO: pionner121
30.09.2017 00:39:36: -> DISCONNECT: -Player 'pionner121'-
30.09.2017 00:39:42: REFRESH: True
30.09.2017 00:41:30: local premium valid, unlocking
30.09.2017 00:41:30: premium unlocked
30.09.2017 00:41:30: ->prepare_app_after_start finished task!
30.09.2017 00:41:30: checking premium with server
30.09.2017 00:41:30: IP SET
30.09.2017 00:45:31: local premium valid, unlocking
30.09.2017 00:45:31: premium unlocked
30.09.2017 00:45:31: ->prepare_app_after_start finished task!
30.09.2017 00:45:31: checking premium with server
30.09.2017 00:45:31: IP SET
30.09.2017 00:45:31: premium unlocked
30.09.2017 00:45:34: ---killing 7daystodie.exe---
30.09.2017 01:50:56: local premium valid, unlocking
30.09.2017 01:50:56: premium unlocked
30.09.2017 01:50:56: ->prepare_app_after_start finished task!
30.09.2017 01:50:56: checking premium with server
30.09.2017 01:50:56: premium unlocked
30.09.2017 01:53:40: local premium valid, unlocking
30.09.2017 01:53:40: premium unlocked
30.09.2017 01:53:40: ->prepare_app_after_start finished task!
30.09.2017 01:53:40: checking premium with server
30.09.2017 01:53:40: IP SET
30.09.2017 01:53:40: premium unlocked
30.09.2017 01:54:49: local premium valid, unlocking
30.09.2017 01:54:49: premium unlocked
30.09.2017 01:54:49: ->prepare_app_after_start finished task!
30.09.2017 01:54:49: checking premium with server
30.09.2017 01:54:49: IP SET
30.09.2017 01:54:49: premium unlocked
30.09.2017 01:55:57: local premium valid, unlocking
30.09.2017 01:55:57: premium unlocked
30.09.2017 01:55:57: ->prepare_app_after_start finished task!
30.09.2017 01:55:57: checking premium with server
30.09.2017 01:55:57: IP SET
30.09.2017 01:55:57: premium unlocked
30.09.2017 01:57:58: local premium valid, unlocking
30.09.2017 01:57:58: premium unlocked
30.09.2017 01:57:58: ->prepare_app_after_start finished task!
30.09.2017 01:57:58: checking premium with server
30.09.2017 01:57:58: IP SET
30.09.2017 01:57:58: premium unlocked
30.09.2017 02:00:50: local premium valid, unlocking
30.09.2017 02:00:50: premium unlocked
30.09.2017 02:00:50: ->prepare_app_after_start finished task!
30.09.2017 02:00:50: checking premium with server
30.09.2017 02:00:50: IP SET
30.09.2017 02:00:50: premium unlocked
30.09.2017 02:04:09: local premium valid, unlocking
30.09.2017 02:04:09: premium unlocked
30.09.2017 02:04:09: ->prepare_app_after_start finished task!
30.09.2017 02:04:09: checking premium with server
30.09.2017 02:04:09: IP SET
30.09.2017 02:04:59: local premium valid, unlocking
30.09.2017 02:04:59: premium unlocked
30.09.2017 02:04:59: ->prepare_app_after_start finished task!
30.09.2017 02:04:59: checking premium with server
30.09.2017 02:04:59: IP SET
30.09.2017 02:05:00: premium unlocked
30.09.2017 02:06:50: local premium valid, unlocking
30.09.2017 02:06:50: premium unlocked
30.09.2017 02:06:50: ->prepare_app_after_start finished task!
30.09.2017 02:06:50: checking premium with server
30.09.2017 02:06:50: IP SET
30.09.2017 02:06:50: premium unlocked
30.09.2017 02:08:40: local premium valid, unlocking
30.09.2017 02:08:40: premium unlocked
30.09.2017 02:08:40: ->prepare_app_after_start finished task!
30.09.2017 02:08:40: checking premium with server
30.09.2017 02:08:40: IP SET
30.09.2017 02:08:40: premium unlocked
30.09.2017 02:08:59: local premium valid, unlocking
30.09.2017 02:08:59: premium unlocked
30.09.2017 02:08:59: ->prepare_app_after_start finished task!
30.09.2017 02:08:59: checking premium with server
30.09.2017 02:08:59: IP SET
30.09.2017 02:10:48: local premium valid, unlocking
30.09.2017 02:10:48: premium unlocked
30.09.2017 02:10:48: ->prepare_app_after_start finished task!
30.09.2017 02:10:48: checking premium with server
30.09.2017 02:10:48: IP SET
30.09.2017 02:10:48: premium unlocked
30.09.2017 02:12:27: ---server start---
30.09.2017 02:12:27: d:\program files (x86)\steam\steamapps\common\7 Days To Die\7DaysToDie.exe-quit -batchmode -nographics -configfile=serverconfig.xml -dedicated
30.09.2017 02:12:27: ---locking ctrl---
30.09.2017 02:12:27: ---DONE!---
30.09.2017 02:13:05: ---starting telnet_connection---
30.09.2017 02:13:06: ---starting spamer---
30.09.2017 02:13:17: ---killing 7daystodie.exe---
30.09.2017 02:15:18: local premium valid, unlocking
30.09.2017 02:15:18: premium unlocked
30.09.2017 02:15:18: ->prepare_app_after_start finished task!
30.09.2017 02:15:18: checking premium with server
30.09.2017 02:15:19: IP SET
30.09.2017 02:15:19: premium unlocked
30.09.2017 02:16:20: local premium valid, unlocking
30.09.2017 02:16:20: premium unlocked
30.09.2017 02:16:20: ->prepare_app_after_start finished task!
30.09.2017 02:16:20: checking premium with server
30.09.2017 02:16:21: IP SET
30.09.2017 02:19:18: local premium valid, unlocking
30.09.2017 02:19:18: premium unlocked
30.09.2017 02:19:18: ->prepare_app_after_start finished task!
30.09.2017 02:19:18: checking premium with server
30.09.2017 02:19:18: IP SET
30.09.2017 02:22:19: local premium valid, unlocking
30.09.2017 02:22:19: premium unlocked
30.09.2017 02:22:19: ->prepare_app_after_start finished task!
30.09.2017 02:22:19: checking premium with server
30.09.2017 02:22:19: IP SET
30.09.2017 02:22:19: premium unlocked
30.09.2017 02:22:49: local premium valid, unlocking
30.09.2017 02:22:49: premium unlocked
30.09.2017 02:22:49: ->prepare_app_after_start finished task!
30.09.2017 02:22:49: checking premium with server
30.09.2017 02:22:49: IP SET
30.09.2017 02:22:49: premium unlocked
